Using pre-set license
Built from '2021.3/staging' branch; Version is '2021.3.4f1 (cb45f9cae8b7) revision 13321721'; Using compiler version '192829333'; Build Type 'Release'
OS: 'Windows 10  (10.0.19044) 64bit Core' Language: 'en' Physical Memory: 16291 MB
BatchMode: 1, IsHumanControllingUs: 0, StartBugReporterOnCrash: 0, Is64bit: 1, IsPro: 1

COMMAND LINE ARGUMENTS:
C:\Program Files\Unity\Hub\Editor\2021.3.4f1\Editor\Unity.exe
-adb2
-batchMode
-noUpm
-name
AssetImportWorker0
-projectPath
C:/Users/Johny/Documents/GitHub/Johny-SD1A-Repo/8 Periode 8/Philips/Philips Minigames
-logFile
Logs/AssetImportWorker0.log
-srvPort
51482
Successfully changed project path to: C:/Users/Johny/Documents/GitHub/Johny-SD1A-Repo/8 Periode 8/Philips/Philips Minigames
C:/Users/Johny/Documents/GitHub/Johny-SD1A-Repo/8 Periode 8/Philips/Philips Minigames
[UnityMemory] Configuration Parameters - Can be set up in boot.config
    "memorysetup-bucket-allocator-granularity=16"
    "memorysetup-bucket-allocator-bucket-count=8"
    "memorysetup-bucket-allocator-block-size=33554432"
    "memorysetup-bucket-allocator-block-count=8"
    "memorysetup-main-allocator-block-size=16777216"
    "memorysetup-thread-allocator-block-size=16777216"
    "memorysetup-gfx-main-allocator-block-size=16777216"
    "memorysetup-gfx-thread-allocator-block-size=16777216"
    "memorysetup-cache-allocator-block-size=4194304"
    "memorysetup-typetree-allocator-block-size=2097152"
    "memorysetup-profiler-bucket-allocator-granularity=16"
    "memorysetup-profiler-bucket-allocator-bucket-count=8"
    "memorysetup-profiler-bucket-allocator-block-size=33554432"
    "memorysetup-profiler-bucket-allocator-block-count=8"
    "memorysetup-profiler-allocator-block-size=16777216"
    "memorysetup-profiler-editor-allocator-block-size=1048576"
    "memorysetup-temp-allocator-size-main=16777216"
    "memorysetup-job-temp-allocator-block-size=2097152"
    "memorysetup-job-temp-allocator-block-size-background=1048576"
    "memorysetup-job-temp-allocator-reduction-small-platforms=262144"
    "memorysetup-temp-allocator-size-background-worker=32768"
    "memorysetup-temp-allocator-size-job-worker=262144"
    "memorysetup-temp-allocator-size-preload-manager=33554432"
    "memorysetup-temp-allocator-size-nav-mesh-worker=65536"
    "memorysetup-temp-allocator-size-audio-worker=65536"
    "memorysetup-temp-allocator-size-cloud-worker=32768"
    "memorysetup-temp-allocator-size-gi-baking-worker=262144"
    "memorysetup-temp-allocator-size-gfx=262144"
Refreshing native plugins compatible for Editor in 100.60 ms, found 3 plugins.
Preloading 0 native plugins for Editor in 0.00 ms.
Initialize engine version: 2021.3.4f1 (cb45f9cae8b7)
[Subsystems] Discovering subsystems at path C:/Program Files/Unity/Hub/Editor/2021.3.4f1/Editor/Data/Resources/UnitySubsystems
[Subsystems] Discovering subsystems at path C:/Users/Johny/Documents/GitHub/Johny-SD1A-Repo/8 Periode 8/Philips/Philips Minigames/Assets
GfxDevice: creating device client; threaded=0; jobified=0
Direct3D:
    Version:  Direct3D 11.0 [level 11.1]
    Renderer: NVIDIA GeForce RTX 2060 (ID=0x1f15)
    Vendor:   NVIDIA
    VRAM:     5980 MB
    Driver:   30.0.14.9729
Initialize mono
Mono path[0] = 'C:/Program Files/Unity/Hub/Editor/2021.3.4f1/Editor/Data/Managed'
Mono path[1] = 'C:/Program Files/Unity/Hub/Editor/2021.3.4f1/Editor/Data/MonoBleedingEdge/lib/mono/unityjit-win32'
Mono config path = 'C:/Program Files/Unity/Hub/Editor/2021.3.4f1/Editor/Data/MonoBleedingEdge/etc'
Using monoOptions --debugger-agent=transport=dt_socket,embedding=1,server=y,suspend=n,address=127.0.0.1:56984
Begin MonoManager ReloadAssembly
Registering precompiled unity dll's ...
Register platform support module: C:/Program Files/Unity/Hub/Editor/2021.3.4f1/Editor/Data/PlaybackEngines/WindowsStandaloneSupport/UnityEditor.WindowsStandalone.Extensions.dll
Registered in 0.010335 seconds.
Native extension for WindowsStandalone target not found
Refreshing native plugins compatible for Editor in 101.49 ms, found 3 plugins.
Preloading 0 native plugins for Editor in 0.00 ms.
Mono: successfully reloaded assembly
- Completed reload, in  0.814 seconds
Domain Reload Profiling:
	ReloadAssembly (814ms)
		BeginReloadAssembly (95ms)
			ExecutionOrderSort (0ms)
			DisableScriptedObjects (0ms)
			BackupInstance (0ms)
			ReleaseScriptingObjects (0ms)
			CreateAndSetChildDomain (1ms)
		EndReloadAssembly (569ms)
			LoadAssemblies (92ms)
			RebuildTransferFunctionScriptingTraits (0ms)
			SetupTypeCache (136ms)
			ReleaseScriptCaches (0ms)
			RebuildScriptCaches (35ms)
			SetupLoadedEditorAssemblies (344ms)
				LogAssemblyErrors (0ms)
				InitializePlatformSupportModulesInManaged (10ms)
				SetLoadedEditorAssemblies (0ms)
				RefreshPlugins (102ms)
				BeforeProcessingInitializeOnLoad (2ms)
				ProcessInitializeOnLoadAttributes (173ms)
				ProcessInitializeOnLoadMethodAttributes (56ms)
				AfterProcessingInitializeOnLoad (0ms)
				EditorAssembliesLoaded (0ms)
			ExecutionOrderSort2 (0ms)
			AwakeInstancesAfterBackupRestoration (0ms)
Platform modules already initialized, skipping
Registering precompiled user dll's ...
Registered in 0.007939 seconds.
Begin MonoManager ReloadAssembly
Symbol file LoadedFromMemory doesn't match image C:\Users\Johny\Documents\GitHub\Johny-SD1A-Repo\8 Periode 8\Philips\Philips Minigames\Library\PackageCache\com.unity.visualscripting@1.7.8\Editor\VisualScripting.Core\Dependencies\YamlDotNet\Unity.VisualScripting.YamlDotNet.dll
Symbol file LoadedFromMemory doesn't match image C:\Users\Johny\Documents\GitHub\Johny-SD1A-Repo\8 Periode 8\Philips\Philips Minigames\Library\PackageCache\com.unity.visualscripting@1.7.8\Editor\VisualScripting.Core\Dependencies\DotNetZip\Unity.VisualScripting.IonicZip.dll
Native extension for WindowsStandalone target not found
Refreshing native plugins compatible for Editor in 0.61 ms, found 3 plugins.
Preloading 0 native plugins for Editor in 0.00 ms.
Mono: successfully reloaded assembly
- Completed reload, in  1.348 seconds
Domain Reload Profiling:
	ReloadAssembly (1349ms)
		BeginReloadAssembly (138ms)
			ExecutionOrderSort (0ms)
			DisableScriptedObjects (7ms)
			BackupInstance (0ms)
			ReleaseScriptingObjects (0ms)
			CreateAndSetChildDomain (23ms)
		EndReloadAssembly (1054ms)
			LoadAssemblies (110ms)
			RebuildTransferFunctionScriptingTraits (0ms)
			SetupTypeCache (353ms)
			ReleaseScriptCaches (1ms)
			RebuildScriptCaches (65ms)
			SetupLoadedEditorAssemblies (467ms)
				LogAssemblyErrors (0ms)
				InitializePlatformSupportModulesInManaged (8ms)
				SetLoadedEditorAssemblies (1ms)
				RefreshPlugins (1ms)
				BeforeProcessingInitializeOnLoad (128ms)
				ProcessInitializeOnLoadAttributes (287ms)
				ProcessInitializeOnLoadMethodAttributes (33ms)
				AfterProcessingInitializeOnLoad (9ms)
				EditorAssembliesLoaded (0ms)
			ExecutionOrderSort2 (0ms)
			AwakeInstancesAfterBackupRestoration (5ms)
Platform modules already initialized, skipping
========================================================================
Worker process is ready to serve import requests
Launched and connected shader compiler UnityShaderCompiler.exe after 0.08 seconds
Refreshing native plugins compatible for Editor in 0.63 ms, found 3 plugins.
Preloading 0 native plugins for Editor in 0.00 ms.
Unloading 3384 Unused Serialized files (Serialized files now loaded: 0)
Unloading 27 unused Assets / (111.1 KB). Loaded Objects now: 3841.
Memory consumption went from 119.3 MB to 119.2 MB.
Total: 4.038200 ms (FindLiveObjects: 0.333900 ms CreateObjectMapping: 0.268600 ms MarkObjects: 3.299300 ms  DeleteObjects: 0.135300 ms)

AssetImportParameters requested are different than current active one (requested -> active):
  custom:video-decoder-ogg-theora: a1e56fd34408186e4bbccfd4996cb3dc -> 
  custom:container-muxer-webm: aa71ff27fc2769a1b78a27578f13a17b -> 
  custom:container-demuxer-webm: 4f35f7cbe854078d1ac9338744f61a02 -> 
  custom:video-encoder-webm-vp8: eb34c28f22e8b96e1ab97ce403110664 -> 
  custom:video-codec-MediaFoundation-h265: 746d11721c4dcdbdad8f713fa42b33f4 -> 
  custom:audio-encoder-webm-vorbis: bf7c407c2cedff20999df2af8eb42d56 -> 
  custom:framework-win-MediaFoundation: 216162199b28c13a410421893ffa2e32 -> 
  custom:container-demuxer-ogg: 62fdf1f143b41e24485cea50d1cbac27 -> 
  custom:video-decoder-webm-vp8: 9c59270c3fd7afecdb556c50c9e8de78 -> 
  custom:audio-decoder-ogg-vorbis: bf7c407c2cedff20999df2af8eb42d56 -> 
========================================================================
Received Import Request.
  Time since last request: 1125140.337929 seconds.
  path: Assets/Videos/Airfryer.mp4
  artifactKey: Guid(9f846f5c9b608434dba8e7e798f7808a) Importer(815301076,1909f56bfc062723c751e8b465ee728b)
Start importing Assets/Videos/Airfryer.mp4 using Guid(9f846f5c9b608434dba8e7e798f7808a) Importer(815301076,1909f56bfc062723c751e8b465ee728b)  -> (artifact id: '861b41722655084b9acd64d32e7bfdb7') in 0.057094 seconds 
========================================================================
Received Import Request.
  Time since last request: 0.000032 seconds.
  path: Assets/Videos/Sonicare tandenborstel.mp4
  artifactKey: Guid(01c09eca43078e944a09d28fc60919ca) Importer(815301076,1909f56bfc062723c751e8b465ee728b)
Start importing Assets/Videos/Sonicare tandenborstel.mp4 using Guid(01c09eca43078e944a09d28fc60919ca) Importer(815301076,1909f56bfc062723c751e8b465ee728b)  -> (artifact id: 'd9734ec5b43a2488824629c6b1d7f77e') in 0.009884 seconds 
========================================================================
Received Import Request.
  Time since last request: 0.000030 seconds.
  path: Assets/Videos/Kooldraadlamp.mp4
  artifactKey: Guid(54736ce86323e2b40bf11bf906c2cf27) Importer(815301076,1909f56bfc062723c751e8b465ee728b)
Start importing Assets/Videos/Kooldraadlamp.mp4 using Guid(54736ce86323e2b40bf11bf906c2cf27) Importer(815301076,1909f56bfc062723c751e8b465ee728b)  -> (artifact id: '406a26449c4e40ba6b22c4bb1c681fbe') in 0.009673 seconds 
========================================================================
Received Import Request.
  Time since last request: 0.000026 seconds.
  path: Assets/Videos/Lumify Philips - mobiele echograaf.mp4
  artifactKey: Guid(56012fc558a0f8840a4210aeb3746294) Importer(815301076,1909f56bfc062723c751e8b465ee728b)
Start importing Assets/Videos/Lumify Philips - mobiele echograaf.mp4 using Guid(56012fc558a0f8840a4210aeb3746294) Importer(815301076,1909f56bfc062723c751e8b465ee728b)  -> (artifact id: '7634310b8e27352daa8b44dc795d789d') in 0.019284 seconds 
========================================================================
Received Import Request.
  Time since last request: 0.000030 seconds.
  path: Assets/Videos/MRI-scanner.mp4
  artifactKey: Guid(40e2b7cc04b8cd64db24a3fdb1799d0a) Importer(815301076,1909f56bfc062723c751e8b465ee728b)
Start importing Assets/Videos/MRI-scanner.mp4 using Guid(40e2b7cc04b8cd64db24a3fdb1799d0a) Importer(815301076,1909f56bfc062723c751e8b465ee728b)  -> (artifact id: 'dc11ef613663c6e2ecd215d424a82f73') in 0.007986 seconds 
========================================================================
Received Import Request.
  Time since last request: 0.000031 seconds.
  path: Assets/Videos/Philips one blade.mp4
  artifactKey: Guid(66fefa52c7e761c469fd9bf0434043a4) Importer(815301076,1909f56bfc062723c751e8b465ee728b)
Start importing Assets/Videos/Philips one blade.mp4 using Guid(66fefa52c7e761c469fd9bf0434043a4) Importer(815301076,1909f56bfc062723c751e8b465ee728b)  -> (artifact id: '40f4cbe5ecc3ab317f9f8795eb8b9cf9') in 0.008272 seconds 
========================================================================
Received Import Request.
  Time since last request: 0.000127 seconds.
  path: Assets/Videos/Philips Hue Iris wireless LED smart light.mp4
  artifactKey: Guid(7db627e8f03f141458a5355e209d95f2) Importer(815301076,1909f56bfc062723c751e8b465ee728b)
Start importing Assets/Videos/Philips Hue Iris wireless LED smart light.mp4 using Guid(7db627e8f03f141458a5355e209d95f2) Importer(815301076,1909f56bfc062723c751e8b465ee728b)  -> (artifact id: '2d6a30ed77c1d47fe0a1c415bd6892e3') in 0.009536 seconds 
========================================================================
Received Import Request.
  Time since last request: 0.000022 seconds.
  path: Assets/Videos/Eerste draagbare radio met cassetterecorder.mp4
  artifactKey: Guid(7164e4af7b6d7894e8cf6934b0ae74e3) Importer(815301076,1909f56bfc062723c751e8b465ee728b)
Start importing Assets/Videos/Eerste draagbare radio met cassetterecorder.mp4 using Guid(7164e4af7b6d7894e8cf6934b0ae74e3) Importer(815301076,1909f56bfc062723c751e8b465ee728b)  -> (artifact id: 'b987a8179e7372c5a9eb35b165ffdfc1') in 0.008187 seconds 
========================================================================
Received Import Request.
  Time since last request: 0.000039 seconds.
  path: Assets/Videos/Eerste Ph radio voor FM-ontvangst.mp4
  artifactKey: Guid(8c79a77cdba241a4b917e4f6e1a3faf0) Importer(815301076,1909f56bfc062723c751e8b465ee728b)
Start importing Assets/Videos/Eerste Ph radio voor FM-ontvangst.mp4 using Guid(8c79a77cdba241a4b917e4f6e1a3faf0) Importer(815301076,1909f56bfc062723c751e8b465ee728b)  -> (artifact id: 'b0dd107819b8712cc2c47dd17e3faddc') in 0.008804 seconds 
========================================================================
Received Import Request.
  Time since last request: 0.000034 seconds.
  path: Assets/Videos/Compact Disk.mp4
  artifactKey: Guid(6f7b8962903df0b45bebd08743a7f7e0) Importer(815301076,1909f56bfc062723c751e8b465ee728b)
Start importing Assets/Videos/Compact Disk.mp4 using Guid(6f7b8962903df0b45bebd08743a7f7e0) Importer(815301076,1909f56bfc062723c751e8b465ee728b)  -> (artifact id: 'c7c085005b5bfeecf8224117697fa996') in 0.007527 seconds 
========================================================================
Received Prepare
Registering precompiled user dll's ...
Registered in 0.005609 seconds.
Begin MonoManager ReloadAssembly
Symbol file LoadedFromMemory doesn't match image C:\Users\Johny\Documents\GitHub\Johny-SD1A-Repo\8 Periode 8\Philips\Philips Minigames\Library\PackageCache\com.unity.visualscripting@1.7.8\Editor\VisualScripting.Core\Dependencies\YamlDotNet\Unity.VisualScripting.YamlDotNet.dll
Symbol file LoadedFromMemory doesn't match image C:\Users\Johny\Documents\GitHub\Johny-SD1A-Repo\8 Periode 8\Philips\Philips Minigames\Library\PackageCache\com.unity.visualscripting@1.7.8\Editor\VisualScripting.Core\Dependencies\DotNetZip\Unity.VisualScripting.IonicZip.dll
Native extension for WindowsStandalone target not found
Refreshing native plugins compatible for Editor in 0.52 ms, found 3 plugins.
Preloading 0 native plugins for Editor in 0.00 ms.
Mono: successfully reloaded assembly
- Completed reload, in  1.092 seconds
Domain Reload Profiling:
	ReloadAssembly (1093ms)
		BeginReloadAssembly (133ms)
			ExecutionOrderSort (0ms)
			DisableScriptedObjects (5ms)
			BackupInstance (0ms)
			ReleaseScriptingObjects (0ms)
			CreateAndSetChildDomain (34ms)
		EndReloadAssembly (864ms)
			LoadAssemblies (77ms)
			RebuildTransferFunctionScriptingTraits (0ms)
			SetupTypeCache (320ms)
			ReleaseScriptCaches (2ms)
			RebuildScriptCaches (48ms)
			SetupLoadedEditorAssemblies (365ms)
				LogAssemblyErrors (0ms)
				InitializePlatformSupportModulesInManaged (14ms)
				SetLoadedEditorAssemblies (1ms)
				RefreshPlugins (1ms)
				BeforeProcessingInitializeOnLoad (81ms)
				ProcessInitializeOnLoadAttributes (227ms)
				ProcessInitializeOnLoadMethodAttributes (29ms)
				AfterProcessingInitializeOnLoad (11ms)
				EditorAssembliesLoaded (0ms)
			ExecutionOrderSort2 (0ms)
			AwakeInstancesAfterBackupRestoration (6ms)
Platform modules already initialized, skipping
Refreshing native plugins compatible for Editor in 1.85 ms, found 3 plugins.
Preloading 0 native plugins for Editor in 0.00 ms.
Unloading 3366 Unused Serialized files (Serialized files now loaded: 0)
Unloading 20 unused Assets / (78.2 KB). Loaded Objects now: 3844.
Memory consumption went from 118.0 MB to 117.9 MB.
Total: 2.685600 ms (FindLiveObjects: 0.248600 ms CreateObjectMapping: 0.239800 ms MarkObjects: 2.120400 ms  DeleteObjects: 0.075600 ms)

AssetImportParameters requested are different than current active one (requested -> active):
  custom:video-decoder-ogg-theora: a1e56fd34408186e4bbccfd4996cb3dc -> 
  custom:container-muxer-webm: aa71ff27fc2769a1b78a27578f13a17b -> 
  custom:container-demuxer-webm: 4f35f7cbe854078d1ac9338744f61a02 -> 
  custom:video-encoder-webm-vp8: eb34c28f22e8b96e1ab97ce403110664 -> 
  custom:video-codec-MediaFoundation-h265: 746d11721c4dcdbdad8f713fa42b33f4 -> 
  custom:audio-encoder-webm-vorbis: bf7c407c2cedff20999df2af8eb42d56 -> 
  custom:framework-win-MediaFoundation: 216162199b28c13a410421893ffa2e32 -> 
  custom:container-demuxer-ogg: 62fdf1f143b41e24485cea50d1cbac27 -> 
  custom:video-decoder-webm-vp8: 9c59270c3fd7afecdb556c50c9e8de78 -> 
  custom:audio-decoder-ogg-vorbis: bf7c407c2cedff20999df2af8eb42d56 -> 
Editor requested this worker to shutdown with reason: Scaling down because of idle timeout
AssetImportWorker is now disconnected from the server
Process exiting
Exiting without the bug reporter. Application will terminate with return code 0