Using pre-set license
Built from '2020.3/staging' branch; Version is '2020.3.11f1 (99c7afb366b3) revision 10078127'; Using compiler version '192528614'; Build Type 'Release'
OS: 'Windows 10 Home; OS build 19042.1288; Version 2009; 64bit' Language: 'en' Physical Memory: 16251 MB
BatchMode: 1, IsHumanControllingUs: 0, StartBugReporterOnCrash: 0, Is64bit: 1, IsPro: 0

 COMMAND LINE ARGUMENTS:
C:\Program Files\Unity\Hub\Editor\2020.3.11f1\Editor\Unity.exe
-adb2
-batchMode
-noUpm
-name
AssetImportWorker0
-projectPath
C:/Users/Johny/Documents/GitHub/Johny-SD1A-Repo/5 Periode 5/Game Development/Out of Time 1.0.2
-logFile
Logs/AssetImportWorker0.log
-srvPort
61203
Successfully changed project path to: C:/Users/Johny/Documents/GitHub/Johny-SD1A-Repo/5 Periode 5/Game Development/Out of Time 1.0.2
C:/Users/Johny/Documents/GitHub/Johny-SD1A-Repo/5 Periode 5/Game Development/Out of Time 1.0.2
Using Asset Import Pipeline V2.
Refreshing native plugins compatible for Editor in 33.46 ms, found 3 plugins.
Preloading 0 native plugins for Editor in 0.00 ms.
Initialize engine version: 2020.3.11f1 (99c7afb366b3)
[Subsystems] Discovering subsystems at path C:/Program Files/Unity/Hub/Editor/2020.3.11f1/Editor/Data/Resources/UnitySubsystems
[Subsystems] Discovering subsystems at path C:/Users/Johny/Documents/GitHub/Johny-SD1A-Repo/5 Periode 5/Game Development/Out of Time 1.0.2/Assets
GfxDevice: creating device client; threaded=0
Direct3D:
    Version:  Direct3D 11.0 [level 11.1]
    Renderer: NVIDIA GeForce RTX 2060 (ID=0x1f15)
    Vendor:   
    VRAM:     5980 MB
    Driver:   27.21.14.5749
Initialize mono
Mono path[0] = 'C:/Program Files/Unity/Hub/Editor/2020.3.11f1/Editor/Data/Managed'
Mono path[1] = 'C:/Program Files/Unity/Hub/Editor/2020.3.11f1/Editor/Data/MonoBleedingEdge/lib/mono/unityjit'
Mono config path = 'C:/Program Files/Unity/Hub/Editor/2020.3.11f1/Editor/Data/MonoBleedingEdge/etc'
Using monoOptions --debugger-agent=transport=dt_socket,embedding=1,server=y,suspend=n,address=127.0.0.1:56960
Begin MonoManager ReloadAssembly
Registering precompiled unity dll's ...
Register platform support module: C:/Program Files/Unity/Hub/Editor/2020.3.11f1/Editor/Data/PlaybackEngines/WebGLSupport/UnityEditor.WebGL.Extensions.dll
Register platform support module: C:/Program Files/Unity/Hub/Editor/2020.3.11f1/Editor/Data/PlaybackEngines/WindowsStandaloneSupport/UnityEditor.WindowsStandalone.Extensions.dll
Registered in 0.001884 seconds.
Native extension for WindowsStandalone target not found
Native extension for WebGL target not found
Refreshing native plugins compatible for Editor in 33.09 ms, found 3 plugins.
Preloading 0 native plugins for Editor in 0.00 ms.
Mono: successfully reloaded assembly
- Completed reload, in  0.916 seconds
Platform modules already initialized, skipping
Registering precompiled user dll's ...
Registered in 0.003521 seconds.
Begin MonoManager ReloadAssembly
Native extension for WindowsStandalone target not found
Native extension for WebGL target not found
Refreshing native plugins compatible for Editor in 31.68 ms, found 3 plugins.
Preloading 0 native plugins for Editor in 0.00 ms.
Mono: successfully reloaded assembly
- Completed reload, in  0.925 seconds
Platform modules already initialized, skipping
========================================================================
Worker process is ready to serve import requests
Launched and connected shader compiler UnityShaderCompiler.exe after 0.03 seconds
Refreshing native plugins compatible for Editor in 0.37 ms, found 3 plugins.
Preloading 0 native plugins for Editor in 0.00 ms.
Unloading 2083 Unused Serialized files (Serialized files now loaded: 0)
System memory in use before: 93.8 MB.
System memory in use after: 93.8 MB.

Unloading 33 unused Assets to reduce memory usage. Loaded Objects now: 2518.
Total: 1.916400 ms (FindLiveObjects: 0.200500 ms CreateObjectMapping: 0.101000 ms MarkObjects: 1.513900 ms  DeleteObjects: 0.100500 ms)

========================================================================
Received Import Request.
  path: Assets/ExitMaterial.mat
  artifactKey: Guid(5d592673922f07f499877e04bf064bec) Importer(815301076,1909f56bfc062723c751e8b465ee728b)
Start importing Assets/ExitMaterial.mat using Guid(5d592673922f07f499877e04bf064bec) Importer(815301076,1909f56bfc062723c751e8b465ee728b)  -> (artifact id: '2829a46e3bd0ae708c2b4aaddf004a8a') in 0.093194 seconds
  Import took 0.095874 seconds .

========================================================================
Received Import Request.
  Time since last request: 2.151455 seconds.
  path: Assets/DemoLightCaster.cs
  artifactKey: Guid(4e602e847874b7b4e8471691a83bbf12) Importer(815301076,1909f56bfc062723c751e8b465ee728b)
Start importing Assets/DemoLightCaster.cs using Guid(4e602e847874b7b4e8471691a83bbf12) Importer(815301076,1909f56bfc062723c751e8b465ee728b)  -> (artifact id: '5fc70a61c8eb75b820fd1486bffea2e6') in 0.013525 seconds
  Import took 0.016862 seconds .

========================================================================
Received Import Request.
  Time since last request: 0.016496 seconds.
  path: Assets/DemoLightCaster.cs
  artifactKey: Guid(4e602e847874b7b4e8471691a83bbf12) Importer(815301076,1909f56bfc062723c751e8b465ee728b)
Start importing Assets/DemoLightCaster.cs using Guid(4e602e847874b7b4e8471691a83bbf12) Importer(815301076,1909f56bfc062723c751e8b465ee728b)  -> (artifact id: '5fc70a61c8eb75b820fd1486bffea2e6') in 0.002661 seconds
  Import took 0.005821 seconds .

========================================================================
Received Import Request.
  Time since last request: 42.073847 seconds.
  path: Assets/DemoLightCaster.cs
  artifactKey: Guid(4e602e847874b7b4e8471691a83bbf12) Importer(815301076,1909f56bfc062723c751e8b465ee728b)
Start importing Assets/DemoLightCaster.cs using Guid(4e602e847874b7b4e8471691a83bbf12) Importer(815301076,1909f56bfc062723c751e8b465ee728b)  -> (artifact id: 'bac6b121b70e98fd99d4ffe549374f93') in 0.001866 seconds
  Import took 0.004712 seconds .

========================================================================
Received Prepare
Registering precompiled user dll's ...
Registered in 0.004931 seconds.
Begin MonoManager ReloadAssembly
Native extension for WindowsStandalone target not found
Native extension for WebGL target not found
Refreshing native plugins compatible for Editor in 0.50 ms, found 3 plugins.
Preloading 0 native plugins for Editor in 0.00 ms.
Mono: successfully reloaded assembly
- Completed reload, in  1.176 seconds
Platform modules already initialized, skipping
Refreshing native plugins compatible for Editor in 0.39 ms, found 3 plugins.
Preloading 0 native plugins for Editor in 0.00 ms.
Unloading 2078 Unused Serialized files (Serialized files now loaded: 0)
System memory in use before: 96.9 MB.
System memory in use after: 96.9 MB.

Unloading 21 unused Assets to reduce memory usage. Loaded Objects now: 2562.
Total: 6.953800 ms (FindLiveObjects: 0.196300 ms CreateObjectMapping: 0.084000 ms MarkObjects: 6.583000 ms  DeleteObjects: 0.089000 ms)

========================================================================
Received Prepare
Registering precompiled user dll's ...
Registered in 0.003827 seconds.
Begin MonoManager ReloadAssembly
Native extension for WindowsStandalone target not found
Native extension for WebGL target not found
Refreshing native plugins compatible for Editor in 0.43 ms, found 3 plugins.
Preloading 0 native plugins for Editor in 0.00 ms.
Mono: successfully reloaded assembly
- Completed reload, in  0.891 seconds
Platform modules already initialized, skipping
Refreshing native plugins compatible for Editor in 0.38 ms, found 3 plugins.
Preloading 0 native plugins for Editor in 0.00 ms.
Unloading 2078 Unused Serialized files (Serialized files now loaded: 0)
System memory in use before: 97.0 MB.
System memory in use after: 97.0 MB.

Unloading 21 unused Assets to reduce memory usage. Loaded Objects now: 2566.
Total: 2.039100 ms (FindLiveObjects: 0.169700 ms CreateObjectMapping: 0.073400 ms MarkObjects: 1.676800 ms  DeleteObjects: 0.098300 ms)

========================================================================
Received Prepare
Registering precompiled user dll's ...
Registered in 0.005524 seconds.
Begin MonoManager ReloadAssembly
Native extension for WindowsStandalone target not found
Native extension for WebGL target not found
Refreshing native plugins compatible for Editor in 0.50 ms, found 3 plugins.
Preloading 0 native plugins for Editor in 0.00 ms.
Mono: successfully reloaded assembly
- Completed reload, in  1.184 seconds
Platform modules already initialized, skipping
Refreshing native plugins compatible for Editor in 0.57 ms, found 3 plugins.
Preloading 0 native plugins for Editor in 0.00 ms.
Unloading 2078 Unused Serialized files (Serialized files now loaded: 0)
System memory in use before: 97.0 MB.
System memory in use after: 97.0 MB.

Unloading 21 unused Assets to reduce memory usage. Loaded Objects now: 2570.
Total: 2.542600 ms (FindLiveObjects: 0.198000 ms CreateObjectMapping: 0.099000 ms MarkObjects: 2.116600 ms  DeleteObjects: 0.128100 ms)

========================================================================
Received Prepare
Registering precompiled user dll's ...
Registered in 0.003825 seconds.
Begin MonoManager ReloadAssembly
Native extension for WindowsStandalone target not found
Native extension for WebGL target not found
Refreshing native plugins compatible for Editor in 0.42 ms, found 3 plugins.
Preloading 0 native plugins for Editor in 0.00 ms.
Mono: successfully reloaded assembly
- Completed reload, in  1.236 seconds
Platform modules already initialized, skipping
Refreshing native plugins compatible for Editor in 0.48 ms, found 3 plugins.
Preloading 0 native plugins for Editor in 0.00 ms.
Unloading 2078 Unused Serialized files (Serialized files now loaded: 0)
System memory in use before: 97.0 MB.
System memory in use after: 97.0 MB.

Unloading 21 unused Assets to reduce memory usage. Loaded Objects now: 2574.
Total: 2.328000 ms (FindLiveObjects: 0.179100 ms CreateObjectMapping: 0.065300 ms MarkObjects: 1.933900 ms  DeleteObjects: 0.149100 ms)

========================================================================
Received Prepare
Registering precompiled user dll's ...
Registered in 0.005432 seconds.
Begin MonoManager ReloadAssembly
Native extension for WindowsStandalone target not found
Native extension for WebGL target not found
Refreshing native plugins compatible for Editor in 0.70 ms, found 3 plugins.
Preloading 0 native plugins for Editor in 0.00 ms.
Mono: successfully reloaded assembly
- Completed reload, in  1.596 seconds
Platform modules already initialized, skipping
Refreshing native plugins compatible for Editor in 0.56 ms, found 3 plugins.
Preloading 0 native plugins for Editor in 0.00 ms.
Unloading 2078 Unused Serialized files (Serialized files now loaded: 0)
System memory in use before: 97.0 MB.
System memory in use after: 97.0 MB.

Unloading 21 unused Assets to reduce memory usage. Loaded Objects now: 2578.
Total: 2.987400 ms (FindLiveObjects: 0.215700 ms CreateObjectMapping: 0.089900 ms MarkObjects: 2.488100 ms  DeleteObjects: 0.192200 ms)

AssetImportWorkerClient::OnTransportError - code=2 error=End of file
